{"/Users/liaozhongwu/npm/number-in-memory/dist/index.js":{"path":"/Users/liaozhongwu/npm/number-in-memory/dist/index.js","s":{"1":1,"2":1,"3":1,"4":19,"5":19,"6":19,"7":2,"8":2,"9":19,"10":19,"11":19,"12":19,"13":19,"14":19,"15":486,"16":486,"17":486,"18":486,"19":19,"20":7,"21":4,"22":3,"23":3,"24":4,"25":3,"26":3,"27":1,"28":12,"29":12,"30":12,"31":12,"32":12,"33":12,"34":12,"35":340,"36":340,"37":340,"38":6,"39":6,"40":334,"41":334,"42":334,"43":334,"44":312,"45":22,"46":6,"47":12,"48":4,"49":4,"50":8,"51":4,"52":4,"53":4,"54":19,"55":19,"56":19,"57":11,"58":11,"59":8,"60":8,"61":22,"62":8,"63":14,"64":14,"65":8,"66":19,"67":19,"68":19,"69":201,"70":201,"71":19,"72":8,"73":19,"74":4,"75":15,"76":7,"77":19,"78":1,"79":1,"80":9,"81":9,"82":9,"83":9,"84":9,"85":9,"86":9,"87":9,"88":4,"89":3,"90":3,"91":1,"92":1,"93":5,"94":4,"95":4,"96":1,"97":1,"98":9,"99":9,"100":9,"101":9,"102":220,"103":59,"104":220,"105":9,"106":9,"107":9,"108":9,"109":274,"110":82,"111":274,"112":9,"113":9,"114":4,"115":5,"116":1},"b":{"1":[14,5],"2":[2,17],"3":[121,365],"4":[7,12],"5":[4,3],"6":[3,1],"7":[4,8],"8":[6,334],"9":[312,22],"10":[6,16],"11":[4,8],"12":[4,4],"13":[11,8],"14":[8,14],"15":[22,16],"16":[8,11],"17":[4,15],"18":[7,8],"19":[1,8],"20":[4,5],"21":[3,1],"22":[4,1],"23":[59,161],"24":[82,192],"25":[4,5]},"f":{"1":19,"2":9},"fnMap":{"1":{"name":"number2Memory","line":4,"loc":{"start":{"line":4,"column":0},"end":{"line":4,"column":28}}},"2":{"name":"memory2Number","line":113,"loc":{"start":{"line":113,"column":0},"end":{"line":113,"column":28}}}},"statementMap":{"1":{"start":{"line":2,"column":0},"end":{"line":2,"column":62}},"2":{"start":{"line":3,"column":0},"end":{"line":3,"column":35}},"3":{"start":{"line":4,"column":0},"end":{"line":111,"column":1}},"4":{"start":{"line":5,"column":4},"end":{"line":5,"column":54}},"5":{"start":{"line":6,"column":4},"end":{"line":6,"column":19}},"6":{"start":{"line":7,"column":4},"end":{"line":10,"column":5}},"7":{"start":{"line":8,"column":8},"end":{"line":8,"column":19}},"8":{"start":{"line":9,"column":8},"end":{"line":9,"column":27}},"9":{"start":{"line":11,"column":4},"end":{"line":11,"column":38}},"10":{"start":{"line":12,"column":4},"end":{"line":12,"column":19}},"11":{"start":{"line":13,"column":4},"end":{"line":13,"column":21}},"12":{"start":{"line":14,"column":4},"end":{"line":14,"column":28}},"13":{"start":{"line":15,"column":4},"end":{"line":15,"column":14}},"14":{"start":{"line":16,"column":4},"end":{"line":21,"column":5}},"15":{"start":{"line":17,"column":8},"end":{"line":17,"column":34}},"16":{"start":{"line":18,"column":8},"end":{"line":18,"column":40}},"17":{"start":{"line":19,"column":8},"end":{"line":19,"column":48}},"18":{"start":{"line":20,"column":8},"end":{"line":20,"column":24}},"19":{"start":{"line":22,"column":4},"end":{"line":77,"column":5}},"20":{"start":{"line":23,"column":8},"end":{"line":37,"column":9}},"21":{"start":{"line":24,"column":12},"end":{"line":24,"column":85}},"22":{"start":{"line":27,"column":12},"end":{"line":27,"column":23}},"23":{"start":{"line":28,"column":12},"end":{"line":36,"column":13}},"24":{"start":{"line":29,"column":16},"end":{"line":35,"column":17}},"25":{"start":{"line":30,"column":20},"end":{"line":30,"column":96}},"26":{"start":{"line":31,"column":20},"end":{"line":31,"column":26}},"27":{"start":{"line":34,"column":20},"end":{"line":34,"column":91}},"28":{"start":{"line":40,"column":8},"end":{"line":40,"column":34}},"29":{"start":{"line":41,"column":8},"end":{"line":41,"column":47}},"30":{"start":{"line":42,"column":8},"end":{"line":42,"column":69}},"31":{"start":{"line":43,"column":8},"end":{"line":43,"column":30}},"32":{"start":{"line":44,"column":8},"end":{"line":44,"column":14}},"33":{"start":{"line":45,"column":8},"end":{"line":45,"column":14}},"34":{"start":{"line":46,"column":8},"end":{"line":64,"column":9}},"35":{"start":{"line":47,"column":12},"end":{"line":47,"column":45}},"36":{"start":{"line":48,"column":12},"end":{"line":48,"column":40}},"37":{"start":{"line":49,"column":12},"end":{"line":63,"column":13}},"38":{"start":{"line":50,"column":16},"end":{"line":50,"column":40}},"39":{"start":{"line":51,"column":16},"end":{"line":51,"column":22}},"40":{"start":{"line":54,"column":16},"end":{"line":54,"column":30}},"41":{"start":{"line":55,"column":16},"end":{"line":55,"column":29}},"42":{"start":{"line":56,"column":16},"end":{"line":56,"column":34}},"43":{"start":{"line":57,"column":16},"end":{"line":62,"column":17}},"44":{"start":{"line":58,"column":20},"end":{"line":58,"column":36}},"45":{"start":{"line":60,"column":21},"end":{"line":62,"column":17}},"46":{"start":{"line":61,"column":20},"end":{"line":61,"column":45}},"47":{"start":{"line":65,"column":8},"end":{"line":76,"column":9}},"48":{"start":{"line":66,"column":12},"end":{"line":66,"column":35}},"49":{"start":{"line":67,"column":12},"end":{"line":75,"column":13}},"50":{"start":{"line":68,"column":16},"end":{"line":74,"column":17}},"51":{"start":{"line":69,"column":20},"end":{"line":69,"column":79}},"52":{"start":{"line":70,"column":20},"end":{"line":70,"column":26}},"53":{"start":{"line":73,"column":20},"end":{"line":73,"column":79}},"54":{"start":{"line":78,"column":4},"end":{"line":78,"column":12}},"55":{"start":{"line":79,"column":4},"end":{"line":79,"column":13}},"56":{"start":{"line":80,"column":4},"end":{"line":94,"column":5}},"57":{"start":{"line":81,"column":8},"end":{"line":81,"column":31}},"58":{"start":{"line":82,"column":8},"end":{"line":82,"column":45}},"59":{"start":{"line":85,"column":8},"end":{"line":85,"column":17}},"60":{"start":{"line":86,"column":8},"end":{"line":92,"column":9}},"61":{"start":{"line":87,"column":12},"end":{"line":89,"column":13}},"62":{"start":{"line":88,"column":16},"end":{"line":88,"column":22}},"63":{"start":{"line":90,"column":12},"end":{"line":90,"column":21}},"64":{"start":{"line":91,"column":12},"end":{"line":91,"column":39}},"65":{"start":{"line":93,"column":8},"end":{"line":93,"column":32}},"66":{"start":{"line":95,"column":4},"end":{"line":95,"column":37}},"67":{"start":{"line":96,"column":4},"end":{"line":96,"column":19}},"68":{"start":{"line":97,"column":4},"end":{"line":100,"column":5}},"69":{"start":{"line":98,"column":8},"end":{"line":98,"column":34}},"70":{"start":{"line":99,"column":8},"end":{"line":99,"column":34}},"71":{"start":{"line":101,"column":4},"end":{"line":103,"column":5}},"72":{"start":{"line":102,"column":8},"end":{"line":102,"column":68}},"73":{"start":{"line":104,"column":4},"end":{"line":109,"column":5}},"74":{"start":{"line":105,"column":8},"end":{"line":105,"column":65}},"75":{"start":{"line":107,"column":9},"end":{"line":109,"column":5}},"76":{"start":{"line":108,"column":8},"end":{"line":108,"column":33}},"77":{"start":{"line":110,"column":4},"end":{"line":110,"column":36}},"78":{"start":{"line":112,"column":0},"end":{"line":112,"column":38}},"79":{"start":{"line":113,"column":0},"end":{"line":162,"column":1}},"80":{"start":{"line":114,"column":4},"end":{"line":114,"column":37}},"81":{"start":{"line":115,"column":4},"end":{"line":115,"column":37}},"82":{"start":{"line":116,"column":4},"end":{"line":116,"column":35}},"83":{"start":{"line":117,"column":4},"end":{"line":117,"column":45}},"84":{"start":{"line":118,"column":4},"end":{"line":118,"column":44}},"85":{"start":{"line":119,"column":4},"end":{"line":119,"column":14}},"86":{"start":{"line":120,"column":4},"end":{"line":120,"column":16}},"87":{"start":{"line":121,"column":4},"end":{"line":138,"column":5}},"88":{"start":{"line":122,"column":8},"end":{"line":129,"column":9}},"89":{"start":{"line":123,"column":12},"end":{"line":123,"column":80}},"90":{"start":{"line":124,"column":12},"end":{"line":124,"column":26}},"91":{"start":{"line":127,"column":12},"end":{"line":127,"column":49}},"92":{"start":{"line":128,"column":12},"end":{"line":128,"column":42}},"93":{"start":{"line":131,"column":9},"end":{"line":138,"column":5}},"94":{"start":{"line":132,"column":8},"end":{"line":132,"column":20}},"95":{"start":{"line":133,"column":8},"end":{"line":133,"column":65}},"96":{"start":{"line":136,"column":8},"end":{"line":136,"column":20}},"97":{"start":{"line":137,"column":8},"end":{"line":137,"column":27}},"98":{"start":{"line":139,"column":4},"end":{"line":139,"column":18}},"99":{"start":{"line":140,"column":4},"end":{"line":140,"column":29}},"100":{"start":{"line":141,"column":4},"end":{"line":141,"column":23}},"101":{"start":{"line":142,"column":4},"end":{"line":147,"column":5}},"102":{"start":{"line":143,"column":8},"end":{"line":145,"column":9}},"103":{"start":{"line":144,"column":12},"end":{"line":144,"column":48}},"104":{"start":{"line":146,"column":8},"end":{"line":146,"column":44}},"105":{"start":{"line":148,"column":4},"end":{"line":148,"column":20}},"106":{"start":{"line":149,"column":4},"end":{"line":149,"column":21}},"107":{"start":{"line":150,"column":4},"end":{"line":150,"column":25}},"108":{"start":{"line":151,"column":4},"end":{"line":156,"column":5}},"109":{"start":{"line":152,"column":8},"end":{"line":154,"column":9}},"110":{"start":{"line":153,"column":12},"end":{"line":153,"column":54}},"111":{"start":{"line":155,"column":8},"end":{"line":155,"column":42}},"112":{"start":{"line":157,"column":4},"end":{"line":157,"column":27}},"113":{"start":{"line":158,"column":4},"end":{"line":160,"column":5}},"114":{"start":{"line":159,"column":8},"end":{"line":159,"column":40}},"115":{"start":{"line":161,"column":4},"end":{"line":161,"column":27}},"116":{"start":{"line":163,"column":0},"end":{"line":163,"column":38}}},"branchMap":{"1":{"line":5,"type":"cond-expr","locations":[{"start":{"line":5,"column":36},"end":{"line":5,"column":47}},{"start":{"line":5,"column":50},"end":{"line":5,"column":53}}]},"2":{"line":7,"type":"if","locations":[{"start":{"line":7,"column":4},"end":{"line":7,"column":4}},{"start":{"line":7,"column":4},"end":{"line":7,"column":4}}]},"3":{"line":19,"type":"cond-expr","locations":[{"start":{"line":19,"column":29},"end":{"line":19,"column":32}},{"start":{"line":19,"column":35},"end":{"line":19,"column":38}}]},"4":{"line":22,"type":"if","locations":[{"start":{"line":22,"column":4},"end":{"line":22,"column":4}},{"start":{"line":22,"column":4},"end":{"line":22,"column":4}}]},"5":{"line":23,"type":"if","locations":[{"start":{"line":23,"column":8},"end":{"line":23,"column":8}},{"start":{"line":23,"column":8},"end":{"line":23,"column":8}}]},"6":{"line":29,"type":"if","locations":[{"start":{"line":29,"column":16},"end":{"line":29,"column":16}},{"start":{"line":29,"column":16},"end":{"line":29,"column":16}}]},"7":{"line":42,"type":"cond-expr","locations":[{"start":{"line":42,"column":48},"end":{"line":42,"column":64}},{"start":{"line":42,"column":67},"end":{"line":42,"column":68}}]},"8":{"line":49,"type":"if","locations":[{"start":{"line":49,"column":12},"end":{"line":49,"column":12}},{"start":{"line":49,"column":12},"end":{"line":49,"column":12}}]},"9":{"line":57,"type":"if","locations":[{"start":{"line":57,"column":16},"end":{"line":57,"column":16}},{"start":{"line":57,"column":16},"end":{"line":57,"column":16}}]},"10":{"line":60,"type":"if","locations":[{"start":{"line":60,"column":21},"end":{"line":60,"column":21}},{"start":{"line":60,"column":21},"end":{"line":60,"column":21}}]},"11":{"line":65,"type":"if","locations":[{"start":{"line":65,"column":8},"end":{"line":65,"column":8}},{"start":{"line":65,"column":8},"end":{"line":65,"column":8}}]},"12":{"line":68,"type":"if","locations":[{"start":{"line":68,"column":16},"end":{"line":68,"column":16}},{"start":{"line":68,"column":16},"end":{"line":68,"column":16}}]},"13":{"line":80,"type":"if","locations":[{"start":{"line":80,"column":4},"end":{"line":80,"column":4}},{"start":{"line":80,"column":4},"end":{"line":80,"column":4}}]},"14":{"line":87,"type":"if","locations":[{"start":{"line":87,"column":12},"end":{"line":87,"column":12}},{"start":{"line":87,"column":12},"end":{"line":87,"column":12}}]},"15":{"line":87,"type":"binary-expr","locations":[{"start":{"line":87,"column":16},"end":{"line":87,"column":34}},{"start":{"line":87,"column":38},"end":{"line":87,"column":46}}]},"16":{"line":101,"type":"if","locations":[{"start":{"line":101,"column":4},"end":{"line":101,"column":4}},{"start":{"line":101,"column":4},"end":{"line":101,"column":4}}]},"17":{"line":104,"type":"if","locations":[{"start":{"line":104,"column":4},"end":{"line":104,"column":4}},{"start":{"line":104,"column":4},"end":{"line":104,"column":4}}]},"18":{"line":107,"type":"if","locations":[{"start":{"line":107,"column":9},"end":{"line":107,"column":9}},{"start":{"line":107,"column":9},"end":{"line":107,"column":9}}]},"19":{"line":117,"type":"cond-expr","locations":[{"start":{"line":117,"column":36},"end":{"line":117,"column":39}},{"start":{"line":117,"column":42},"end":{"line":117,"column":44}}]},"20":{"line":121,"type":"if","locations":[{"start":{"line":121,"column":4},"end":{"line":121,"column":4}},{"start":{"line":121,"column":4},"end":{"line":121,"column":4}}]},"21":{"line":122,"type":"if","locations":[{"start":{"line":122,"column":8},"end":{"line":122,"column":8}},{"start":{"line":122,"column":8},"end":{"line":122,"column":8}}]},"22":{"line":131,"type":"if","locations":[{"start":{"line":131,"column":9},"end":{"line":131,"column":9}},{"start":{"line":131,"column":9},"end":{"line":131,"column":9}}]},"23":{"line":143,"type":"if","locations":[{"start":{"line":143,"column":8},"end":{"line":143,"column":8}},{"start":{"line":143,"column":8},"end":{"line":143,"column":8}}]},"24":{"line":152,"type":"if","locations":[{"start":{"line":152,"column":8},"end":{"line":152,"column":8}},{"start":{"line":152,"column":8},"end":{"line":152,"column":8}}]},"25":{"line":158,"type":"if","locations":[{"start":{"line":158,"column":4},"end":{"line":158,"column":4}},{"start":{"line":158,"column":4},"end":{"line":158,"column":4}}]}}},"/Users/liaozhongwu/npm/number-in-memory/dist/utils.js":{"path":"/Users/liaozhongwu/npm/number-in-memory/dist/utils.js","s":{"1":1,"2":1,"3":59,"4":59,"5":59,"6":59,"7":59,"8":494,"9":494,"10":494,"11":494,"12":59,"13":15,"14":59,"15":1,"16":1,"17":82,"18":82,"19":82,"20":82,"21":82,"22":82,"23":82,"24":82,"25":2362,"26":2362,"27":2362,"28":82,"29":1,"30":1,"31":560,"32":560,"33":560,"34":560,"35":560,"36":2845,"37":340,"38":2505,"39":2505,"40":2505,"41":560,"42":63,"43":560,"44":2,"45":560,"46":1,"47":1,"48":760,"49":760,"50":760,"51":760,"52":760,"53":12168,"54":274,"55":11894,"56":11894,"57":11894,"58":760,"59":395,"60":121,"61":395,"62":760,"63":135,"64":760,"65":1,"66":1,"67":27,"68":1,"69":26,"70":1},"b":{"1":[553,104],"2":[494,45],"3":[494,0],"4":[15,44],"5":[2362,165],"6":[2362,0],"7":[340,2505],"8":[63,497],"9":[2,558],"10":[274,11894],"11":[395,365],"12":[121,274],"13":[135,625],"14":[760,420],"15":[1,26]},"f":{"1":59,"2":82,"3":560,"4":760,"5":27},"fnMap":{"1":{"name":"addInt","line":3,"loc":{"start":{"line":3,"column":0},"end":{"line":3,"column":22}}},"2":{"name":"addFloat","line":20,"loc":{"start":{"line":20,"column":0},"end":{"line":20,"column":24}}},"3":{"name":"double","line":36,"loc":{"start":{"line":36,"column":0},"end":{"line":36,"column":21}}},"4":{"name":"half","line":60,"loc":{"start":{"line":60,"column":0},"end":{"line":60,"column":19}}},"5":{"name":"repeat","line":87,"loc":{"start":{"line":87,"column":0},"end":{"line":87,"column":26}}}},"statementMap":{"1":{"start":{"line":2,"column":0},"end":{"line":2,"column":62}},"2":{"start":{"line":3,"column":0},"end":{"line":18,"column":1}},"3":{"start":{"line":4,"column":4},"end":{"line":4,"column":20}},"4":{"start":{"line":5,"column":4},"end":{"line":5,"column":10}},"5":{"start":{"line":6,"column":4},"end":{"line":6,"column":18}},"6":{"start":{"line":7,"column":4},"end":{"line":7,"column":14}},"7":{"start":{"line":8,"column":4},"end":{"line":13,"column":5}},"8":{"start":{"line":9,"column":8},"end":{"line":9,"column":12}},"9":{"start":{"line":10,"column":8},"end":{"line":10,"column":80}},"10":{"start":{"line":11,"column":8},"end":{"line":11,"column":35}},"11":{"start":{"line":12,"column":8},"end":{"line":12,"column":35}},"12":{"start":{"line":14,"column":4},"end":{"line":16,"column":5}},"13":{"start":{"line":15,"column":8},"end":{"line":15,"column":32}},"14":{"start":{"line":17,"column":4},"end":{"line":17,"column":18}},"15":{"start":{"line":19,"column":0},"end":{"line":19,"column":24}},"16":{"start":{"line":20,"column":0},"end":{"line":34,"column":1}},"17":{"start":{"line":21,"column":4},"end":{"line":21,"column":32}},"18":{"start":{"line":22,"column":4},"end":{"line":22,"column":32}},"19":{"start":{"line":23,"column":4},"end":{"line":23,"column":67}},"20":{"start":{"line":24,"column":4},"end":{"line":24,"column":20}},"21":{"start":{"line":25,"column":4},"end":{"line":25,"column":10}},"22":{"start":{"line":26,"column":4},"end":{"line":26,"column":18}},"23":{"start":{"line":27,"column":4},"end":{"line":27,"column":26}},"24":{"start":{"line":28,"column":4},"end":{"line":32,"column":5}},"25":{"start":{"line":29,"column":8},"end":{"line":29,"column":70}},"26":{"start":{"line":30,"column":8},"end":{"line":30,"column":35}},"27":{"start":{"line":31,"column":8},"end":{"line":31,"column":35}},"28":{"start":{"line":33,"column":4},"end":{"line":33,"column":32}},"29":{"start":{"line":35,"column":0},"end":{"line":35,"column":28}},"30":{"start":{"line":36,"column":0},"end":{"line":58,"column":1}},"31":{"start":{"line":37,"column":4},"end":{"line":37,"column":20}},"32":{"start":{"line":38,"column":4},"end":{"line":38,"column":10}},"33":{"start":{"line":39,"column":4},"end":{"line":39,"column":18}},"34":{"start":{"line":40,"column":4},"end":{"line":40,"column":23}},"35":{"start":{"line":41,"column":4},"end":{"line":50,"column":5}},"36":{"start":{"line":42,"column":8},"end":{"line":49,"column":9}},"37":{"start":{"line":43,"column":12},"end":{"line":43,"column":34}},"38":{"start":{"line":46,"column":12},"end":{"line":46,"column":43}},"39":{"start":{"line":47,"column":12},"end":{"line":47,"column":39}},"40":{"start":{"line":48,"column":12},"end":{"line":48,"column":39}},"41":{"start":{"line":51,"column":4},"end":{"line":53,"column":5}},"42":{"start":{"line":52,"column":8},"end":{"line":52,"column":32}},"43":{"start":{"line":54,"column":4},"end":{"line":56,"column":5}},"44":{"start":{"line":55,"column":8},"end":{"line":55,"column":38}},"45":{"start":{"line":57,"column":4},"end":{"line":57,"column":18}},"46":{"start":{"line":59,"column":0},"end":{"line":59,"column":24}},"47":{"start":{"line":60,"column":0},"end":{"line":85,"column":1}},"48":{"start":{"line":61,"column":4},"end":{"line":61,"column":20}},"49":{"start":{"line":62,"column":4},"end":{"line":62,"column":10}},"50":{"start":{"line":63,"column":4},"end":{"line":63,"column":18}},"51":{"start":{"line":64,"column":4},"end":{"line":64,"column":15}},"52":{"start":{"line":65,"column":4},"end":{"line":74,"column":5}},"53":{"start":{"line":66,"column":8},"end":{"line":73,"column":9}},"54":{"start":{"line":67,"column":12},"end":{"line":67,"column":26}},"55":{"start":{"line":70,"column":12},"end":{"line":70,"column":44}},"56":{"start":{"line":71,"column":12},"end":{"line":71,"column":26}},"57":{"start":{"line":72,"column":12},"end":{"line":72,"column":40}},"58":{"start":{"line":75,"column":4},"end":{"line":80,"column":5}},"59":{"start":{"line":76,"column":8},"end":{"line":78,"column":9}},"60":{"start":{"line":77,"column":12},"end":{"line":77,"column":26}},"61":{"start":{"line":79,"column":8},"end":{"line":79,"column":22}},"62":{"start":{"line":81,"column":4},"end":{"line":83,"column":5}},"63":{"start":{"line":82,"column":8},"end":{"line":82,"column":34}},"64":{"start":{"line":84,"column":4},"end":{"line":84,"column":18}},"65":{"start":{"line":86,"column":0},"end":{"line":86,"column":20}},"66":{"start":{"line":87,"column":0},"end":{"line":91,"column":1}},"67":{"start":{"line":88,"column":4},"end":{"line":89,"column":18}},"68":{"start":{"line":89,"column":8},"end":{"line":89,"column":18}},"69":{"start":{"line":90,"column":4},"end":{"line":90,"column":45}},"70":{"start":{"line":92,"column":0},"end":{"line":92,"column":24}}},"branchMap":{"1":{"line":8,"type":"binary-expr","locations":[{"start":{"line":8,"column":11},"end":{"line":8,"column":23}},{"start":{"line":8,"column":27},"end":{"line":8,"column":39}}]},"2":{"line":10,"type":"binary-expr","locations":[{"start":{"line":10,"column":19},"end":{"line":10,"column":34}},{"start":{"line":10,"column":38},"end":{"line":10,"column":39}}]},"3":{"line":10,"type":"binary-expr","locations":[{"start":{"line":10,"column":50},"end":{"line":10,"column":65}},{"start":{"line":10,"column":69},"end":{"line":10,"column":70}}]},"4":{"line":14,"type":"if","locations":[{"start":{"line":14,"column":4},"end":{"line":14,"column":4}},{"start":{"line":14,"column":4},"end":{"line":14,"column":4}}]},"5":{"line":29,"type":"binary-expr","locations":[{"start":{"line":29,"column":19},"end":{"line":29,"column":29}},{"start":{"line":29,"column":33},"end":{"line":29,"column":34}}]},"6":{"line":29,"type":"binary-expr","locations":[{"start":{"line":29,"column":45},"end":{"line":29,"column":55}},{"start":{"line":29,"column":59},"end":{"line":29,"column":60}}]},"7":{"line":42,"type":"if","locations":[{"start":{"line":42,"column":8},"end":{"line":42,"column":8}},{"start":{"line":42,"column":8},"end":{"line":42,"column":8}}]},"8":{"line":51,"type":"if","locations":[{"start":{"line":51,"column":4},"end":{"line":51,"column":4}},{"start":{"line":51,"column":4},"end":{"line":51,"column":4}}]},"9":{"line":54,"type":"if","locations":[{"start":{"line":54,"column":4},"end":{"line":54,"column":4}},{"start":{"line":54,"column":4},"end":{"line":54,"column":4}}]},"10":{"line":66,"type":"if","locations":[{"start":{"line":66,"column":8},"end":{"line":66,"column":8}},{"start":{"line":66,"column":8},"end":{"line":66,"column":8}}]},"11":{"line":75,"type":"if","locations":[{"start":{"line":75,"column":4},"end":{"line":75,"column":4}},{"start":{"line":75,"column":4},"end":{"line":75,"column":4}}]},"12":{"line":76,"type":"if","locations":[{"start":{"line":76,"column":8},"end":{"line":76,"column":8}},{"start":{"line":76,"column":8},"end":{"line":76,"column":8}}]},"13":{"line":81,"type":"if","locations":[{"start":{"line":81,"column":4},"end":{"line":81,"column":4}},{"start":{"line":81,"column":4},"end":{"line":81,"column":4}}]},"14":{"line":81,"type":"binary-expr","locations":[{"start":{"line":81,"column":8},"end":{"line":81,"column":25}},{"start":{"line":81,"column":29},"end":{"line":81,"column":46}}]},"15":{"line":88,"type":"if","locations":[{"start":{"line":88,"column":4},"end":{"line":88,"column":4}},{"start":{"line":88,"column":4},"end":{"line":88,"column":4}}]}}}}