TN:
SF:/Users/liaozhongwu/npm/number-in-memory/dist/index.js
FN:4,number2Memory
FN:113,memory2Number
FNF:2
FNH:2
FNDA:19,number2Memory
FNDA:9,memory2Number
DA:2,1
DA:3,1
DA:4,1
DA:5,19
DA:6,19
DA:7,19
DA:8,2
DA:9,2
DA:11,19
DA:12,19
DA:13,19
DA:14,19
DA:15,19
DA:16,19
DA:17,486
DA:18,486
DA:19,486
DA:20,486
DA:22,19
DA:23,7
DA:24,4
DA:27,3
DA:28,3
DA:29,4
DA:30,3
DA:31,3
DA:34,1
DA:40,12
DA:41,12
DA:42,12
DA:43,12
DA:44,12
DA:45,12
DA:46,12
DA:47,340
DA:48,340
DA:49,340
DA:50,6
DA:51,6
DA:54,334
DA:55,334
DA:56,334
DA:57,334
DA:58,312
DA:60,22
DA:61,6
DA:65,12
DA:66,4
DA:67,4
DA:68,8
DA:69,4
DA:70,4
DA:73,4
DA:78,19
DA:79,19
DA:80,19
DA:81,11
DA:82,11
DA:85,8
DA:86,8
DA:87,22
DA:88,8
DA:90,14
DA:91,14
DA:93,8
DA:95,19
DA:96,19
DA:97,19
DA:98,201
DA:99,201
DA:101,19
DA:102,8
DA:104,19
DA:105,4
DA:107,15
DA:108,7
DA:110,19
DA:112,1
DA:113,1
DA:114,9
DA:115,9
DA:116,9
DA:117,9
DA:118,9
DA:119,9
DA:120,9
DA:121,9
DA:122,4
DA:123,3
DA:124,3
DA:127,1
DA:128,1
DA:131,5
DA:132,4
DA:133,4
DA:136,1
DA:137,1
DA:139,9
DA:140,9
DA:141,9
DA:142,9
DA:143,220
DA:144,59
DA:146,220
DA:148,9
DA:149,9
DA:150,9
DA:151,9
DA:152,274
DA:153,82
DA:155,274
DA:157,9
DA:158,9
DA:159,4
DA:161,5
DA:163,1
LF:116
LH:116
BRDA:5,1,0,14
BRDA:5,1,1,5
BRDA:7,2,0,2
BRDA:7,2,1,17
BRDA:19,3,0,121
BRDA:19,3,1,365
BRDA:22,4,0,7
BRDA:22,4,1,12
BRDA:23,5,0,4
BRDA:23,5,1,3
BRDA:29,6,0,3
BRDA:29,6,1,1
BRDA:42,7,0,4
BRDA:42,7,1,8
BRDA:49,8,0,6
BRDA:49,8,1,334
BRDA:57,9,0,312
BRDA:57,9,1,22
BRDA:60,10,0,6
BRDA:60,10,1,16
BRDA:65,11,0,4
BRDA:65,11,1,8
BRDA:68,12,0,4
BRDA:68,12,1,4
BRDA:80,13,0,11
BRDA:80,13,1,8
BRDA:87,14,0,8
BRDA:87,14,1,14
BRDA:87,15,0,22
BRDA:87,15,1,16
BRDA:101,16,0,8
BRDA:101,16,1,11
BRDA:104,17,0,4
BRDA:104,17,1,15
BRDA:107,18,0,7
BRDA:107,18,1,8
BRDA:117,19,0,1
BRDA:117,19,1,8
BRDA:121,20,0,4
BRDA:121,20,1,5
BRDA:122,21,0,3
BRDA:122,21,1,1
BRDA:131,22,0,4
BRDA:131,22,1,1
BRDA:143,23,0,59
BRDA:143,23,1,161
BRDA:152,24,0,82
BRDA:152,24,1,192
BRDA:158,25,0,4
BRDA:158,25,1,5
BRF:50
BRH:50
end_of_record
TN:
SF:/Users/liaozhongwu/npm/number-in-memory/dist/utils.js
FN:3,addInt
FN:20,addFloat
FN:36,double
FN:60,half
FN:87,repeat
FNF:5
FNH:5
FNDA:59,addInt
FNDA:82,addFloat
FNDA:560,double
FNDA:760,half
FNDA:27,repeat
DA:2,1
DA:3,1
DA:4,59
DA:5,59
DA:6,59
DA:7,59
DA:8,59
DA:9,494
DA:10,494
DA:11,494
DA:12,494
DA:14,59
DA:15,15
DA:17,59
DA:19,1
DA:20,1
DA:21,82
DA:22,82
DA:23,82
DA:24,82
DA:25,82
DA:26,82
DA:27,82
DA:28,82
DA:29,2362
DA:30,2362
DA:31,2362
DA:33,82
DA:35,1
DA:36,1
DA:37,560
DA:38,560
DA:39,560
DA:40,560
DA:41,560
DA:42,2845
DA:43,340
DA:46,2505
DA:47,2505
DA:48,2505
DA:51,560
DA:52,63
DA:54,560
DA:55,2
DA:57,560
DA:59,1
DA:60,1
DA:61,760
DA:62,760
DA:63,760
DA:64,760
DA:65,760
DA:66,12168
DA:67,274
DA:70,11894
DA:71,11894
DA:72,11894
DA:75,760
DA:76,395
DA:77,121
DA:79,395
DA:81,760
DA:82,135
DA:84,760
DA:86,1
DA:87,1
DA:88,27
DA:89,1
DA:90,26
DA:92,1
LF:70
LH:70
BRDA:8,1,0,553
BRDA:8,1,1,104
BRDA:10,2,0,494
BRDA:10,2,1,45
BRDA:10,3,0,494
BRDA:10,3,1,0
BRDA:14,4,0,15
BRDA:14,4,1,44
BRDA:29,5,0,2362
BRDA:29,5,1,165
BRDA:29,6,0,2362
BRDA:29,6,1,0
BRDA:42,7,0,340
BRDA:42,7,1,2505
BRDA:51,8,0,63
BRDA:51,8,1,497
BRDA:54,9,0,2
BRDA:54,9,1,558
BRDA:66,10,0,274
BRDA:66,10,1,11894
BRDA:75,11,0,395
BRDA:75,11,1,365
BRDA:76,12,0,121
BRDA:76,12,1,274
BRDA:81,13,0,135
BRDA:81,13,1,625
BRDA:81,14,0,760
BRDA:81,14,1,420
BRDA:88,15,0,1
BRDA:88,15,1,26
BRF:30
BRH:28
end_of_record
